<?xml version="1.0" encoding="UTF-8"?>
<testsuite name="hello.advanced.trace.strategy.TemplateCallbackTest" tests="1" skipped="0" failures="0" errors="0" timestamp="2023-10-01T14:51:39" hostname="Davids-MacBook-Pro.local" time="0.023">
  <properties/>
  <testcase name="callbackV2()" classname="hello.advanced.trace.strategy.TemplateCallbackTest" time="0.023"/>
  <system-out><![CDATA[23:51:39.400 [Test worker] INFO hello.advanced.trace.strategy.TemplateCallbackTest -- 비즈니스 로직1 실행
23:51:39.403 [Test worker] INFO hello.advanced.trace.strategy.code.template.TimeLogTemplate -- resultTime = 4
23:51:39.405 [Test worker] INFO hello.advanced.trace.strategy.TemplateCallbackTest -- 비즈니스 로직2 실행
23:51:39.405 [Test worker] INFO hello.advanced.trace.strategy.code.template.TimeLogTemplate -- resultTime = 0
]]></system-out>
  <system-err><![CDATA[]]></system-err>
</testsuite>
